  1번.c
c:\users\jw969\desktop\배진우\수업\2019-1학기\자료구조와실습\2주차실습\자료구조2주차\자료구조2주차\ex3.h(41): warning C4477: 'scanf' : 서식 문자열 '%s'에 'char *' 형식의 인수가 필요하지만 variadic 인수 1의 형식이 'int *'입니다.
c:\users\jw969\desktop\배진우\수업\2019-1학기\자료구조와실습\2주차실습\자료구조2주차\자료구조2주차\ex3.h(44): warning C4133: '함수': 'int [10]'과(와) 'const char *' 사이의 형식이 호환되지 않습니다.
c:\users\jw969\desktop\배진우\수업\2019-1학기\자료구조와실습\2주차실습\자료구조2주차\자료구조2주차\ex3.h(54): warning C4477: 'scanf' : 서식 문자열 '%s'에 'char *' 형식의 인수가 필요하지만 variadic 인수 1의 형식이 'int *'입니다.
c:\users\jw969\desktop\배진우\수업\2019-1학기\자료구조와실습\2주차실습\자료구조2주차\자료구조2주차\ex3.h(57): warning C4133: '함수': 'int [10]'과(와) 'const char *' 사이의 형식이 호환되지 않습니다.
  ex3.h
c:\users\jw969\desktop\배진우\수업\2019-1학기\자료구조와실습\2주차실습\자료구조2주차\자료구조2주차\ex3.h(21): error C2065: 'FILE': 선언되지 않은 식별자입니다.
c:\users\jw969\desktop\배진우\수업\2019-1학기\자료구조와실습\2주차실습\자료구조2주차\자료구조2주차\ex3.h(21): error C2065: 'ifp': 선언되지 않은 식별자입니다.
c:\users\jw969\desktop\배진우\수업\2019-1학기\자료구조와실습\2주차실습\자료구조2주차\자료구조2주차\ex3.h(23): error C2065: 'ifp': 선언되지 않은 식별자입니다.
c:\users\jw969\desktop\배진우\수업\2019-1학기\자료구조와실습\2주차실습\자료구조2주차\자료구조2주차\ex3.h(23): error C3861: 'fopen': 식별자를 찾을 수 없습니다.
c:\users\jw969\desktop\배진우\수업\2019-1학기\자료구조와실습\2주차실습\자료구조2주차\자료구조2주차\ex3.h(24): error C2065: 'ifp': 선언되지 않은 식별자입니다.
c:\users\jw969\desktop\배진우\수업\2019-1학기\자료구조와실습\2주차실습\자료구조2주차\자료구조2주차\ex3.h(24): error C3861: 'fscanf': 식별자를 찾을 수 없습니다.
c:\users\jw969\desktop\배진우\수업\2019-1학기\자료구조와실습\2주차실습\자료구조2주차\자료구조2주차\ex3.h(27): error C2065: 'ifp': 선언되지 않은 식별자입니다.
c:\users\jw969\desktop\배진우\수업\2019-1학기\자료구조와실습\2주차실습\자료구조2주차\자료구조2주차\ex3.h(27): error C3861: 'fclose': 식별자를 찾을 수 없습니다.
c:\users\jw969\desktop\배진우\수업\2019-1학기\자료구조와실습\2주차실습\자료구조2주차\자료구조2주차\ex3.h(35): error C3861: 'printf': 식별자를 찾을 수 없습니다.
c:\users\jw969\desktop\배진우\수업\2019-1학기\자료구조와실습\2주차실습\자료구조2주차\자료구조2주차\ex3.h(41): error C3861: 'scanf': 식별자를 찾을 수 없습니다.
c:\users\jw969\desktop\배진우\수업\2019-1학기\자료구조와실습\2주차실습\자료구조2주차\자료구조2주차\ex3.h(44): error C3861: 'strcmp': 식별자를 찾을 수 없습니다.
c:\users\jw969\desktop\배진우\수업\2019-1학기\자료구조와실습\2주차실습\자료구조2주차\자료구조2주차\ex3.h(46): error C3861: 'printf': 식별자를 찾을 수 없습니다.
c:\users\jw969\desktop\배진우\수업\2019-1학기\자료구조와실습\2주차실습\자료구조2주차\자료구조2주차\ex3.h(54): error C3861: 'scanf': 식별자를 찾을 수 없습니다.
c:\users\jw969\desktop\배진우\수업\2019-1학기\자료구조와실습\2주차실습\자료구조2주차\자료구조2주차\ex3.h(57): error C3861: 'strcmp': 식별자를 찾을 수 없습니다.
c:\users\jw969\desktop\배진우\수업\2019-1학기\자료구조와실습\2주차실습\자료구조2주차\자료구조2주차\ex3.h(59): error C3861: 'printf': 식별자를 찾을 수 없습니다.
c:\users\jw969\desktop\배진우\수업\2019-1학기\자료구조와실습\2주차실습\자료구조2주차\자료구조2주차\ex3.h(60): error C3861: 'scanf': 식별자를 찾을 수 없습니다.
c:\users\jw969\desktop\배진우\수업\2019-1학기\자료구조와실습\2주차실습\자료구조2주차\자료구조2주차\ex3.h(61): error C3861: 'strcpy': 식별자를 찾을 수 없습니다.
c:\users\jw969\desktop\배진우\수업\2019-1학기\자료구조와실습\2주차실습\자료구조2주차\자료구조2주차\ex3.h(68): error C2065: 'FILE': 선언되지 않은 식별자입니다.
c:\users\jw969\desktop\배진우\수업\2019-1학기\자료구조와실습\2주차실습\자료구조2주차\자료구조2주차\ex3.h(68): error C2065: 'ofp': 선언되지 않은 식별자입니다.
c:\users\jw969\desktop\배진우\수업\2019-1학기\자료구조와실습\2주차실습\자료구조2주차\자료구조2주차\ex3.h(69): error C2065: 'ofp': 선언되지 않은 식별자입니다.
c:\users\jw969\desktop\배진우\수업\2019-1학기\자료구조와실습\2주차실습\자료구조2주차\자료구조2주차\ex3.h(69): error C3861: 'fopen': 식별자를 찾을 수 없습니다.
c:\users\jw969\desktop\배진우\수업\2019-1학기\자료구조와실습\2주차실습\자료구조2주차\자료구조2주차\ex3.h(73): error C2065: 'ofp': 선언되지 않은 식별자입니다.
c:\users\jw969\desktop\배진우\수업\2019-1학기\자료구조와실습\2주차실습\자료구조2주차\자료구조2주차\ex3.h(73): error C3861: 'fprintf': 식별자를 찾을 수 없습니다.
c:\users\jw969\desktop\배진우\수업\2019-1학기\자료구조와실습\2주차실습\자료구조2주차\자료구조2주차\ex3.h(76): error C2065: 'ofp': 선언되지 않은 식별자입니다.
c:\users\jw969\desktop\배진우\수업\2019-1학기\자료구조와실습\2주차실습\자료구조2주차\자료구조2주차\ex3.h(76): error C3861: 'fclose': 식별자를 찾을 수 없습니다.
